Arguments: 
  /home/gloria/.nvm/versions/node/v20.4.0/bin/node /home/gloria/.nvm/versions/node/v20.4.0/bin/yarn add @react-navigation/navigate @react-navigation/native-stack

PATH: 
  /home/gloria/.nvm/versions/node/v20.4.0/bin:/usr/lib/android-sdk//cmdline-tools/latest/bin:/usr/local/sbin:/usr/local/bin:/usr/sbin:/usr/bin:/sbin:/bin:/usr/games:/usr/local/games:/snap/bin:/snap/bin:/usr/lib/android-sdk/tools/:/usr/lib/android-sdk/platform-tools/

Yarn version: 
  1.22.19

Node version: 
  20.4.0

Platform: 
  linux x64

Trace: 
  Error: https://registry.yarnpkg.com/@react-navigation%2fnavigate: Not found
      at params.callback [as _callback] (/home/gloria/.nvm/versions/node/v20.4.0/lib/node_modules/yarn/lib/cli.js:66145:18)
      at self.callback (/home/gloria/.nvm/versions/node/v20.4.0/lib/node_modules/yarn/lib/cli.js:140890:22)
      at Request.emit (node:events:512:28)
      at Request.<anonymous> (/home/gloria/.nvm/versions/node/v20.4.0/lib/node_modules/yarn/lib/cli.js:141862:10)
      at Request.emit (node:events:512:28)
      at IncomingMessage.<anonymous> (/home/gloria/.nvm/versions/node/v20.4.0/lib/node_modules/yarn/lib/cli.js:141784:12)
      at Object.onceWrapper (node:events:626:28)
      at IncomingMessage.emit (node:events:524:35)
      at endReadableNT (node:internal/streams/readable:1378:12)
      at process.processTicksAndRejections (node:internal/process/task_queues:82:21)

npm manifest: 
  {
    "name": "mobile-app",
    "version": "1.0.0",
    "main": "node_modules/expo/AppEntry.js",
    "scripts": {
      "start": "expo start",
      "android": "expo start --android",
      "ios": "expo start --ios",
      "web": "expo start --web"
    },
    "dependencies": {
      "expo": "~48.0.18",
      "expo-status-bar": "~1.4.4",
      "react": "18.2.0",
      "react-native": "0.71.8"
    },
    "devDependencies": {
      "@babel/core": "^7.20.0",
      "@types/react": "~18.0.14",
      "typescript": "^4.9.4"
    },
    "private": true
  }

yarn manifest: 
  No manifest

Lockfile: 
  No lockfile
